
2024/05/01 (21:59:50) | ===> btop++ v.1.3.2
2024/05/01 (21:59:50) | ERROR: No tty detected!
btop++ needs an interactive shell to run.

2024/05/06 (23:53:26) | ===> btop++ v.1.3.2
2024/05/06 (23:53:26) | ERROR: Stall in Runner thread, restarting!

2024/05/15 (21:09:02) | ===> btop++ v.1.3.2
2024/05/15 (21:09:02) | ERROR: Stall in Runner thread, restarting!
2024/05/15 (21:09:07) | ERROR: Runner thread died unexpectedly!

2024/06/16 (19:29:30) | ===> btop++ v.1.3.2
2024/06/16 (19:29:30) | DEBUG: Running in DEBUG mode!
2024/06/16 (19:29:30) | INFO: Logger set to DEBUG
2024/06/16 (19:29:30) | DEBUG: Using locale en_US.UTF-8
2024/06/16 (19:29:30) | INFO: Running on /dev/pts/3
2024/06/16 (19:29:35) | INFO: Failed to load libnvidia-ml.so, NVIDIA GPUs will not be detected: libnvidia-ml.so.1: cannot open shared object file: No such file or directory
2024/06/16 (19:29:35) | INFO: Failed to load librocm_smi64.so, AMD GPUs will not be detected: librocm_smi64.so.6: cannot open shared object file: No such file or directory
2024/06/16 (19:29:35) | DEBUG: Shared::init() : Initialized.
2024/06/16 (19:29:35) | DEBUG: Loading theme file: /usr/share/btop/themes/matcha-dark-sea.theme
2024/06/16 (19:29:38) | INFO: Quitting! Runtime: 00:00:08

2024/06/16 (19:32:45) | ===> btop++ v.1.3.2
2024/06/16 (19:32:46) | ERROR: Stall in Runner thread, restarting!

2024/06/18 (11:53:28) | ===> btop++ v.1.3.2
2024/06/18 (11:53:28) | ERROR: No tty detected!
btop++ needs an interactive shell to run.

2024/06/18 (11:53:30) | ===> btop++ v.1.3.2
2024/06/18 (11:53:30) | ERROR: No tty detected!
btop++ needs an interactive shell to run.

2024/06/18 (11:53:40) | ===> btop++ v.1.3.2
2024/06/18 (11:53:40) | ERROR: No tty detected!
btop++ needs an interactive shell to run.

2024/06/18 (11:53:40) | ===> btop++ v.1.3.2
2024/06/18 (11:53:40) | ERROR: No tty detected!
btop++ needs an interactive shell to run.

2024/06/18 (11:53:40) | ===> btop++ v.1.3.2
2024/06/18 (11:53:40) | ERROR: No tty detected!
btop++ needs an interactive shell to run.

2024/06/18 (11:53:41) | ===> btop++ v.1.3.2
2024/06/18 (11:53:41) | ERROR: No tty detected!
btop++ needs an interactive shell to run.

2024/06/18 (11:53:41) | ===> btop++ v.1.3.2
2024/06/18 (11:53:41) | ERROR: No tty detected!
btop++ needs an interactive shell to run.

2024/06/18 (11:53:41) | ===> btop++ v.1.3.2
2024/06/18 (11:53:41) | ERROR: No tty detected!
btop++ needs an interactive shell to run.

2024/06/18 (11:53:41) | ===> btop++ v.1.3.2
2024/06/18 (11:53:41) | ERROR: No tty detected!
btop++ needs an interactive shell to run.

2024/06/18 (11:53:41) | ===> btop++ v.1.3.2
2024/06/18 (11:53:41) | ERROR: No tty detected!
btop++ needs an interactive shell to run.

2024/06/18 (11:53:46) | ===> btop++ v.1.3.2
2024/06/18 (11:53:46) | ERROR: No tty detected!
btop++ needs an interactive shell to run.

2024/06/18 (11:53:47) | ===> btop++ v.1.3.2
2024/06/18 (11:53:47) | ERROR: No tty detected!
btop++ needs an interactive shell to run.

2024/06/18 (11:53:47) | ===> btop++ v.1.3.2
2024/06/18 (11:53:47) | ERROR: No tty detected!
btop++ needs an interactive shell to run.
